<?xml version="1.0" encoding="UTF-8"?>
<!-- Generated by org.testng.reporters.JUnitReportReporter -->
<testsuite hostname="CDC2-D-CG8RXJ2" name="greenfield.NewTest" tests="1" failures="0" timestamp="19 Jul 2019 08:25:28 GMT" time="30.079" errors="0">
  <testcase name="f" time="30.079" classname="greenfield.NewTest"/>
</testsuite> <!-- greenfield.NewTest -->
